0 info it worked if it ends with ok
1 verbose cli [ 'C:\\Program Files\\nodejs\\\\node.exe',
1 verbose cli   'C:\\Program Files\\nodejs\\node_modules\\npm\\bin\\npm-cli.js',
1 verbose cli   'install',
1 verbose cli   '--save',
1 verbose cli   'express2-handlebars' ]
2 info using npm@1.4.28
3 info using node@v0.10.33
4 verbose node symlink C:\Program Files\nodejs\\node.exe
5 warn package.json meadowlark@1.0.0 No description
6 warn package.json meadowlark@1.0.0 No repository field.
7 warn package.json meadowlark@1.0.0 No README data
8 verbose readDependencies using package.json deps
9 verbose cache add [ 'express2-handlebars', null ]
10 verbose cache add name=undefined spec="express2-handlebars" args=["express2-handlebars",null]
11 verbose parsed url { protocol: null,
11 verbose parsed url   slashes: null,
11 verbose parsed url   auth: null,
11 verbose parsed url   host: null,
11 verbose parsed url   port: null,
11 verbose parsed url   hostname: null,
11 verbose parsed url   hash: null,
11 verbose parsed url   search: null,
11 verbose parsed url   query: null,
11 verbose parsed url   pathname: 'express2-handlebars',
11 verbose parsed url   path: 'express2-handlebars',
11 verbose parsed url   href: 'express2-handlebars' }
12 silly lockFile 25a253f0-express2-handlebars express2-handlebars
13 verbose lock express2-handlebars C:\Users\patrick.gazaneo\AppData\Roaming\npm-cache\25a253f0-express2-handlebars.lock
14 silly lockFile 25a253f0-express2-handlebars express2-handlebars
15 silly lockFile 25a253f0-express2-handlebars express2-handlebars
16 verbose addNamed [ 'express2-handlebars', '' ]
17 verbose addNamed [ null, '*' ]
18 silly lockFile a25244c1-express2-handlebars express2-handlebars@
19 verbose lock express2-handlebars@ C:\Users\patrick.gazaneo\AppData\Roaming\npm-cache\a25244c1-express2-handlebars.lock
20 silly addNameRange { name: 'express2-handlebars', range: '*', hasData: false }
21 verbose request where is /express2-handlebars
22 verbose request registry https://registry.npmjs.org/
23 verbose request id b6f1a5905ebded37
24 verbose url raw /express2-handlebars
25 verbose url resolving [ 'https://registry.npmjs.org/', './express2-handlebars' ]
26 verbose url resolved https://registry.npmjs.org/express2-handlebars
27 verbose request where is https://registry.npmjs.org/express2-handlebars
28 info trying registry request attempt 1 at 13:44:26
29 http GET https://registry.npmjs.org/express2-handlebars
30 http 404 https://registry.npmjs.org/express2-handlebars
31 verbose headers { date: 'Wed, 26 Nov 2014 15:46:55 GMT',
31 verbose headers   server: 'CouchDB/1.5.0 (Erlang OTP/R16B03)',
31 verbose headers   'content-type': 'application/json',
31 verbose headers   'cache-control': 'max-age=0',
31 verbose headers   'content-length': '52',
31 verbose headers   'accept-ranges': 'bytes',
31 verbose headers   via: '1.1 varnish',
31 verbose headers   age: '0',
31 verbose headers   'x-served-by': 'cache-jfk1033-JFK',
31 verbose headers   'x-cache': 'MISS',
31 verbose headers   'x-cache-hits': '0',
31 verbose headers   'x-timer': 'S1417016814.773867,VS0,VE350',
31 verbose headers   'keep-alive': 'timeout=10, max=50',
31 verbose headers   connection: 'Keep-Alive' }
32 silly registry.get cb [ 404,
32 silly registry.get   { date: 'Wed, 26 Nov 2014 15:46:55 GMT',
32 silly registry.get     server: 'CouchDB/1.5.0 (Erlang OTP/R16B03)',
32 silly registry.get     'content-type': 'application/json',
32 silly registry.get     'cache-control': 'max-age=0',
32 silly registry.get     'content-length': '52',
32 silly registry.get     'accept-ranges': 'bytes',
32 silly registry.get     via: '1.1 varnish',
32 silly registry.get     age: '0',
32 silly registry.get     'x-served-by': 'cache-jfk1033-JFK',
32 silly registry.get     'x-cache': 'MISS',
32 silly registry.get     'x-cache-hits': '0',
32 silly registry.get     'x-timer': 'S1417016814.773867,VS0,VE350',
32 silly registry.get     'keep-alive': 'timeout=10, max=50',
32 silly registry.get     connection: 'Keep-Alive' } ]
33 silly lockFile a25244c1-express2-handlebars express2-handlebars@
34 silly lockFile a25244c1-express2-handlebars express2-handlebars@
35 error 404 404 Not Found: express2-handlebars
35 error 404
35 error 404 'express2-handlebars' is not in the npm registry.
35 error 404 You should bug the author to publish it
35 error 404 It was specified as a dependency of 'meadowlark'
35 error 404
35 error 404 Note that you can also install from a
35 error 404 tarball, folder, or http url, or git url.
36 error System Windows_NT 6.1.7601
37 error command "C:\\Program Files\\nodejs\\\\node.exe" "C:\\Program Files\\nodejs\\node_modules\\npm\\bin\\npm-cli.js" "install" "--save" "express2-handlebars"
38 error cwd c:\Users\patrick.gazaneo\Dropbox\Livros\WebDevelopmentNode
39 error node -v v0.10.33
40 error npm -v 1.4.28
41 error code E404
42 verbose exit [ 1, true ]
